# JRE version: OpenJDK Runtime Environment (8.0_152-b06) (build 1.8.0_152-release-1136-b06)
# Java VM: OpenJDK 64-Bit Server VM (25.152-b06 mixed mode windows-amd64 compressed oops)
Heap:
 PSYoungGen      total 115200K, used 18559K [0x00000000e0000000, 0x00000000e9a80000, 0x0000000100000000)
  eden space 104960K, 7% used [0x00000000e0000000,0x00000000e0820710,0x00000000e6680000)
  from space 10240K, 99% used [0x00000000e6680000,0x00000000e707f520,0x00000000e7080000)
  to   space 14336K, 0% used [0x00000000e8c80000,0x00000000e8c80000,0x00000000e9a80000)
 ParOldGen       total 57344K, used 23629K [0x00000000a0000000, 0x00000000a3800000, 0x00000000e0000000)
  object space 57344K, 41% used [0x00000000a0000000,0x00000000a17134e8,0x00000000a3800000)
 Metaspace       used 51241K, capacity 52478K, committed 52608K, reserved 1095680K
  class space    used 6923K, capacity 7282K, committed 7296K, reserved 1048576K
GC Heap History (10 events):
Event: 19.588 GC heap before
{Heap before GC invocations=11 (full 1):
 PSYoungGen      total 71680K, used 71421K [0x00000000e0000000, 0x00000000e6280000, 0x0000000100000000)
  eden space 64512K, 100% used [0x00000000e0000000,0x00000000e3f00000,0x00000000e3f00000)
  from space 7168K, 96% used [0x00000000e3f00000,0x00000000e45bf440,0x00000000e4600000)
  to   space 8192K, 0% used [0x00000000e5a80000,0x00000000e5a80000,0x00000000e6280000)
 ParOldGen       total 35840K, used 9300K [0x00000000a0000000, 0x00000000a2300000, 0x00000000e0000000)
  object space 35840K, 25% used [0x00000000a0000000,0x00000000a09151e0,0x00000000a2300000)
 Metaspace       used 29950K, capacity 30392K, committed 30592K, reserved 1075200K
  class space    used 4175K, capacity 4383K, committed 4480K, reserved 1048576K
Event: 19.640 GC heap after
Heap after GC invocations=11 (full 1):
 PSYoungGen      total 91648K, used 8160K [0x00000000e0000000, 0x00000000e6380000, 0x0000000100000000)
  eden space 83456K, 0% used [0x00000000e0000000,0x00000000e0000000,0x00000000e5180000)
  from space 8192K, 99% used [0x00000000e5a80000,0x00000000e62782a0,0x00000000e6280000)
  to   space 9216K, 0% used [0x00000000e5180000,0x00000000e5180000,0x00000000e5a80000)
 ParOldGen       total 35840K, used 9652K [0x00000000a0000000, 0x00000000a2300000, 0x00000000e0000000)
  object space 35840K, 26% used [0x00000000a0000000,0x00000000a096d2e0,0x00000000a2300000)
 Metaspace       used 29950K, capacity 30392K, committed 30592K, reserved 1075200K
  class space    used 4175K, capacity 4383K, committed 4480K, reserved 1048576K
}
Event: 23.169 GC heap before
{Heap before GC invocations=12 (full 1):
 PSYoungGen      total 91648K, used 37883K [0x00000000e0000000, 0x00000000e6380000, 0x0000000100000000)
  eden space 83456K, 35% used [0x00000000e0000000,0x00000000e1d06d38,0x00000000e5180000)
  from space 8192K, 99% used [0x00000000e5a80000,0x00000000e62782a0,0x00000000e6280000)
  to   space 9216K, 0% used [0x00000000e5180000,0x00000000e5180000,0x00000000e5a80000)
 ParOldGen       total 35840K, used 9652K [0x00000000a0000000, 0x00000000a2300000, 0x00000000e0000000)
  object space 35840K, 26% used [0x00000000a0000000,0x00000000a096d2e0,0x00000000a2300000)
 Metaspace       used 34733K, capacity 35284K, committed 35416K, reserved 1079296K
  class space    used 4805K, capacity 5016K, committed 5120K, reserved 1048576K
Event: 23.207 GC heap after
Heap after GC invocations=12 (full 1):
 PSYoungGen      total 92672K, used 6377K [0x00000000e0000000, 0x00000000e7b00000, 0x0000000100000000)
  eden space 83456K, 0% used [0x00000000e0000000,0x00000000e0000000,0x00000000e5180000)
  from space 9216K, 69% used [0x00000000e5180000,0x00000000e57ba570,0x00000000e5a80000)
  to   space 9216K, 0% used [0x00000000e7200000,0x00000000e7200000,0x00000000e7b00000)
 ParOldGen       total 35840K, used 12577K [0x00000000a0000000, 0x00000000a2300000, 0x00000000e0000000)
  object space 35840K, 35% used [0x00000000a0000000,0x00000000a0c48670,0x00000000a2300000)
 Metaspace       used 34733K, capacity 35284K, committed 35416K, reserved 1079296K
  class space    used 4805K, capacity 5016K, committed 5120K, reserved 1048576K
}
Event: 23.207 GC heap before
{Heap before GC invocations=13 (full 2):
 PSYoungGen      total 92672K, used 6377K [0x00000000e0000000, 0x00000000e7b00000, 0x0000000100000000)
  eden space 83456K, 0% used [0x00000000e0000000,0x00000000e0000000,0x00000000e5180000)
  from space 9216K, 69% used [0x00000000e5180000,0x00000000e57ba570,0x00000000e5a80000)
  to   space 9216K, 0% used [0x00000000e7200000,0x00000000e7200000,0x00000000e7b00000)
 ParOldGen       total 35840K, used 12577K [0x00000000a0000000, 0x00000000a2300000, 0x00000000e0000000)
  object space 35840K, 35% used [0x00000000a0000000,0x00000000a0c48670,0x00000000a2300000)
 Metaspace       used 34733K, capacity 35284K, committed 35416K, reserved 1079296K
  class space    used 4805K, capacity 5016K, committed 5120K, reserved 1048576K
Event: 23.503 GC heap after
Heap after GC invocations=13 (full 2):
 PSYoungGen      total 92672K, used 0K [0x00000000e0000000, 0x00000000e7b00000, 0x0000000100000000)
  eden space 83456K, 0% used [0x00000000e0000000,0x00000000e0000000,0x00000000e5180000)
  from space 9216K, 0% used [0x00000000e5180000,0x00000000e5180000,0x00000000e5a80000)
  to   space 9216K, 0% used [0x00000000e7200000,0x00000000e7200000,0x00000000e7b00000)
 ParOldGen       total 57344K, used 15822K [0x00000000a0000000, 0x00000000a3800000, 0x00000000e0000000)
  object space 57344K, 27% used [0x00000000a0000000,0x00000000a0f739f8,0x00000000a3800000)
 Metaspace       used 34733K, capacity 35284K, committed 35416K, reserved 1079296K
  class space    used 4805K, capacity 5016K, committed 5120K, reserved 1048576K
}
Event: 27.433 GC heap before
{Heap before GC invocations=14 (full 2):
 PSYoungGen      total 92672K, used 83456K [0x00000000e0000000, 0x00000000e7b00000, 0x0000000100000000)
  eden space 83456K, 100% used [0x00000000e0000000,0x00000000e5180000,0x00000000e5180000)
  from space 9216K, 0% used [0x00000000e5180000,0x00000000e5180000,0x00000000e5a80000)
  to   space 9216K, 0% used [0x00000000e7200000,0x00000000e7200000,0x00000000e7b00000)
 ParOldGen       total 57344K, used 15822K [0x00000000a0000000, 0x00000000a3800000, 0x00000000e0000000)
  object space 57344K, 27% used [0x00000000a0000000,0x00000000a0f739f8,0x00000000a3800000)
 Metaspace       used 39830K, capacity 40494K, committed 40832K, reserved 1085440K
  class space    used 5418K, capacity 5657K, committed 5760K, reserved 1048576K
Event: 27.485 GC heap after
Heap after GC invocations=14 (full 2):
 PSYoungGen      total 112640K, used 8648K [0x00000000e0000000, 0x00000000e7a80000, 0x0000000100000000)
  eden space 103936K, 0% used [0x00000000e0000000,0x00000000e0000000,0x00000000e6580000)
  from space 8704K, 99% used [0x00000000e7200000,0x00000000e7a721f0,0x00000000e7a80000)
  to   space 10240K, 0% used [0x00000000e6680000,0x00000000e6680000,0x00000000e7080000)
 ParOldGen       total 57344K, used 15830K [0x00000000a0000000, 0x00000000a3800000, 0x00000000e0000000)
  object space 57344K, 27% used [0x00000000a0000000,0x00000000a0f759f8,0x00000000a3800000)
 Metaspace       used 39830K, capacity 40494K, committed 40832K, reserved 1085440K
  class space    used 5418K, capacity 5657K, committed 5760K, reserved 1048576K
}
Event: 35.451 GC heap before
{Heap before GC invocations=15 (full 2):
 PSYoungGen      total 112640K, used 112584K [0x00000000e0000000, 0x00000000e7a80000, 0x0000000100000000)
  eden space 103936K, 100% used [0x00000000e0000000,0x00000000e6580000,0x00000000e6580000)
  from space 8704K, 99% used [0x00000000e7200000,0x00000000e7a721f0,0x00000000e7a80000)
  to   space 10240K, 0% used [0x00000000e6680000,0x00000000e6680000,0x00000000e7080000)
 ParOldGen       total 57344K, used 15830K [0x00000000a0000000, 0x00000000a3800000, 0x00000000e0000000)
  object space 57344K, 27% used [0x00000000a0000000,0x00000000a0f759f8,0x00000000a3800000)
 Metaspace       used 50476K, capacity 51670K, committed 51968K, reserved 1093632K
  class space    used 6793K, capacity 7118K, committed 7168K, reserved 1048576K
Event: 35.558 GC heap after
Heap after GC invocations=15 (full 2):
 PSYoungGen      total 115200K, used 10237K [0x00000000e0000000, 0x00000000e9a80000, 0x0000000100000000)
  eden space 104960K, 0% used [0x00000000e0000000,0x00000000e0000000,0x00000000e6680000)
  from space 10240K, 99% used [0x00000000e6680000,0x00000000e707f520,0x00000000e7080000)
  to   space 14336K, 0% used [0x00000000e8c80000,0x00000000e8c80000,0x00000000e9a80000)
 ParOldGen       total 57344K, used 23629K [0x00000000a0000000, 0x00000000a3800000, 0x00000000e0000000)
  object space 57344K, 41% used [0x00000000a0000000,0x00000000a17134e8,0x00000000a3800000)
 Metaspace       used 50476K, capacity 51670K, committed 51968K, reserved 1093632K
  class space    used 6793K, capacity 7118K, committed 7168K, reserved 1048576K
}

