# JRE version: OpenJDK Runtime Environment (8.0_152-b06) (build 1.8.0_152-release-1136-b06)
# Java VM: OpenJDK 64-Bit Server VM (25.152-b06 mixed mode windows-amd64 compressed oops)
Heap:
 PSYoungGen      total 140800K, used 70038K [0x00000000e0000000, 0x00000000eaf00000, 0x0000000100000000)
  eden space 123392K, 49% used [0x00000000e0000000,0x00000000e3b11b00,0x00000000e7880000)
  from space 17408K, 54% used [0x00000000e7880000,0x00000000e81d3fe0,0x00000000e8980000)
  to   space 17408K, 0% used [0x00000000e9e00000,0x00000000e9e00000,0x00000000eaf00000)
 ParOldGen       total 101376K, used 41178K [0x00000000a0000000, 0x00000000a6300000, 0x00000000e0000000)
  object space 101376K, 40% used [0x00000000a0000000,0x00000000a2836ba0,0x00000000a6300000)
 Metaspace       used 62801K, capacity 64466K, committed 64640K, reserved 1105920K
  class space    used 8135K, capacity 8550K, committed 8576K, reserved 1048576K
GC Heap History (10 events):
Event: 30.377 GC heap before
{Heap before GC invocations=14 (full 2):
 PSYoungGen      total 95232K, used 94660K [0x00000000e0000000, 0x00000000e7c80000, 0x0000000100000000)
  eden space 85504K, 100% used [0x00000000e0000000,0x00000000e5380000,0x00000000e5380000)
  from space 9728K, 94% used [0x00000000e5380000,0x00000000e5c71280,0x00000000e5d00000)
  to   space 10752K, 0% used [0x00000000e7200000,0x00000000e7200000,0x00000000e7c80000)
 ParOldGen       total 57344K, used 15909K [0x00000000a0000000, 0x00000000a3800000, 0x00000000e0000000)
  object space 57344K, 27% used [0x00000000a0000000,0x00000000a0f897b0,0x00000000a3800000)
 Metaspace       used 48381K, capacity 49358K, committed 49536K, reserved 1091584K
  class space    used 6473K, capacity 6768K, committed 6784K, reserved 1048576K
Event: 30.425 GC heap after
Heap after GC invocations=14 (full 2):
 PSYoungGen      total 113664K, used 10725K [0x00000000e0000000, 0x00000000e8100000, 0x0000000100000000)
  eden space 102912K, 0% used [0x00000000e0000000,0x00000000e0000000,0x00000000e6480000)
  from space 10752K, 99% used [0x00000000e7200000,0x00000000e7c79500,0x00000000e7c80000)
  to   space 13824K, 0% used [0x00000000e6480000,0x00000000e6480000,0x00000000e7200000)
 ParOldGen       total 57344K, used 20457K [0x00000000a0000000, 0x00000000a3800000, 0x00000000e0000000)
  object space 57344K, 35% used [0x00000000a0000000,0x00000000a13fa4b8,0x00000000a3800000)
 Metaspace       used 48381K, capacity 49358K, committed 49536K, reserved 1091584K
  class space    used 6473K, capacity 6768K, committed 6784K, reserved 1048576K
}
Event: 38.610 GC heap before
{Heap before GC invocations=15 (full 2):
 PSYoungGen      total 113664K, used 113637K [0x00000000e0000000, 0x00000000e8100000, 0x0000000100000000)
  eden space 102912K, 100% used [0x00000000e0000000,0x00000000e6480000,0x00000000e6480000)
  from space 10752K, 99% used [0x00000000e7200000,0x00000000e7c79500,0x00000000e7c80000)
  to   space 13824K, 0% used [0x00000000e6480000,0x00000000e6480000,0x00000000e7200000)
 ParOldGen       total 57344K, used 20457K [0x00000000a0000000, 0x00000000a3800000, 0x00000000e0000000)
  object space 57344K, 35% used [0x00000000a0000000,0x00000000a13fa4b8,0x00000000a3800000)
 Metaspace       used 55345K, capacity 56914K, committed 57088K, reserved 1097728K
  class space    used 7515K, capacity 7908K, committed 7936K, reserved 1048576K
Event: 38.745 GC heap after
Heap after GC invocations=15 (full 2):
 PSYoungGen      total 116736K, used 10800K [0x00000000e0000000, 0x00000000e9800000, 0x0000000100000000)
  eden space 102912K, 0% used [0x00000000e0000000,0x00000000e0000000,0x00000000e6480000)
  from space 13824K, 78% used [0x00000000e6480000,0x00000000e6f0c268,0x00000000e7200000)
  to   space 14848K, 0% used [0x00000000e8980000,0x00000000e8980000,0x00000000e9800000)
 ParOldGen       total 57344K, used 31155K [0x00000000a0000000, 0x00000000a3800000, 0x00000000e0000000)
  object space 57344K, 54% used [0x00000000a0000000,0x00000000a1e6ce80,0x00000000a3800000)
 Metaspace       used 55345K, capacity 56914K, committed 57088K, reserved 1097728K
  class space    used 7515K, capacity 7908K, committed 7936K, reserved 1048576K
}
Event: 50.548 GC heap before
{Heap before GC invocations=16 (full 2):
 PSYoungGen      total 116736K, used 88385K [0x00000000e0000000, 0x00000000e9800000, 0x0000000100000000)
  eden space 102912K, 75% used [0x00000000e0000000,0x00000000e4bc44e0,0x00000000e6480000)
  from space 13824K, 78% used [0x00000000e6480000,0x00000000e6f0c268,0x00000000e7200000)
  to   space 14848K, 0% used [0x00000000e8980000,0x00000000e8980000,0x00000000e9800000)
 ParOldGen       total 57344K, used 31155K [0x00000000a0000000, 0x00000000a3800000, 0x00000000e0000000)
  object space 57344K, 54% used [0x00000000a0000000,0x00000000a1e6ce80,0x00000000a3800000)
 Metaspace       used 57394K, capacity 58882K, committed 59028K, reserved 1099776K
  class space    used 7707K, capacity 8110K, committed 8192K, reserved 1048576K
Event: 50.606 GC heap after
Heap after GC invocations=16 (full 2):
 PSYoungGen      total 138240K, used 14830K [0x00000000e0000000, 0x00000000e9a80000, 0x0000000100000000)
  eden space 123392K, 0% used [0x00000000e0000000,0x00000000e0000000,0x00000000e7880000)
  from space 14848K, 99% used [0x00000000e8980000,0x00000000e97fb9c8,0x00000000e9800000)
  to   space 17408K, 0% used [0x00000000e7880000,0x00000000e7880000,0x00000000e8980000)
 ParOldGen       total 57344K, used 33385K [0x00000000a0000000, 0x00000000a3800000, 0x00000000e0000000)
  object space 57344K, 58% used [0x00000000a0000000,0x00000000a209a4c8,0x00000000a3800000)
 Metaspace       used 57394K, capacity 58882K, committed 59028K, reserved 1099776K
  class space    used 7707K, capacity 8110K, committed 8192K, reserved 1048576K
}
Event: 50.606 GC heap before
{Heap before GC invocations=17 (full 3):
 PSYoungGen      total 138240K, used 14830K [0x00000000e0000000, 0x00000000e9a80000, 0x0000000100000000)
  eden space 123392K, 0% used [0x00000000e0000000,0x00000000e0000000,0x00000000e7880000)
  from space 14848K, 99% used [0x00000000e8980000,0x00000000e97fb9c8,0x00000000e9800000)
  to   space 17408K, 0% used [0x00000000e7880000,0x00000000e7880000,0x00000000e8980000)
 ParOldGen       total 57344K, used 33385K [0x00000000a0000000, 0x00000000a3800000, 0x00000000e0000000)
  object space 57344K, 58% used [0x00000000a0000000,0x00000000a209a4c8,0x00000000a3800000)
 Metaspace       used 57394K, capacity 58882K, committed 59028K, reserved 1099776K
  class space    used 7707K, capacity 8110K, committed 8192K, reserved 1048576K
Event: 51.239 GC heap after
Heap after GC invocations=17 (full 3):
 PSYoungGen      total 138240K, used 0K [0x00000000e0000000, 0x00000000e9a80000, 0x0000000100000000)
  eden space 123392K, 0% used [0x00000000e0000000,0x00000000e0000000,0x00000000e7880000)
  from space 14848K, 0% used [0x00000000e8980000,0x00000000e8980000,0x00000000e9800000)
  to   space 17408K, 0% used [0x00000000e7880000,0x00000000e7880000,0x00000000e8980000)
 ParOldGen       total 101376K, used 41170K [0x00000000a0000000, 0x00000000a6300000, 0x00000000e0000000)
  object space 101376K, 40% used [0x00000000a0000000,0x00000000a2834ba0,0x00000000a6300000)
 Metaspace       used 57394K, capacity 58882K, committed 59028K, reserved 1099776K
  class space    used 7707K, capacity 8110K, committed 8192K, reserved 1048576K
}
Event: 523.395 GC heap before
{Heap before GC invocations=18 (full 3):
 PSYoungGen      total 138240K, used 123392K [0x00000000e0000000, 0x00000000e9a80000, 0x0000000100000000)
  eden space 123392K, 100% used [0x00000000e0000000,0x00000000e7880000,0x00000000e7880000)
  from space 14848K, 0% used [0x00000000e8980000,0x00000000e8980000,0x00000000e9800000)
  to   space 17408K, 0% used [0x00000000e7880000,0x00000000e7880000,0x00000000e8980000)
 ParOldGen       total 101376K, used 41170K [0x00000000a0000000, 0x00000000a6300000, 0x00000000e0000000)
  object space 101376K, 40% used [0x00000000a0000000,0x00000000a2834ba0,0x00000000a6300000)
 Metaspace       used 62596K, capacity 64338K, committed 64384K, reserved 1105920K
  class space    used 8135K, capacity 8550K, committed 8576K, reserved 1048576K
Event: 523.435 GC heap after
Heap after GC invocations=18 (full 3):
 PSYoungGen      total 140800K, used 9551K [0x00000000e0000000, 0x00000000eaf00000, 0x0000000100000000)
  eden space 123392K, 0% used [0x00000000e0000000,0x00000000e0000000,0x00000000e7880000)
  from space 17408K, 54% used [0x00000000e7880000,0x00000000e81d3fe0,0x00000000e8980000)
  to   space 17408K, 0% used [0x00000000e9e00000,0x00000000e9e00000,0x00000000eaf00000)
 ParOldGen       total 101376K, used 41178K [0x00000000a0000000, 0x00000000a6300000, 0x00000000e0000000)
  object space 101376K, 40% used [0x00000000a0000000,0x00000000a2836ba0,0x00000000a6300000)
 Metaspace       used 62596K, capacity 64338K, committed 64384K, reserved 1105920K
  class space    used 8135K, capacity 8550K, committed 8576K, reserved 1048576K
}

