# JRE version: OpenJDK Runtime Environment (8.0_152-b06) (build 1.8.0_152-release-1136-b06)
# Java VM: OpenJDK 64-Bit Server VM (25.152-b06 mixed mode windows-amd64 compressed oops)
Heap:
 PSYoungGen      total 188416K, used 131754K [0x00000000e0000000, 0x00000000ef980000, 0x0000000100000000)
  eden space 148992K, 88% used [0x00000000e0000000,0x00000000e80aaaf8,0x00000000e9180000)
  from space 39424K, 0% used [0x00000000e9180000,0x00000000e9180000,0x00000000eb800000)
  to   space 39424K, 0% used [0x00000000ed300000,0x00000000ed300000,0x00000000ef980000)
 ParOldGen       total 117760K, used 57301K [0x00000000a0000000, 0x00000000a7300000, 0x00000000e0000000)
  object space 117760K, 48% used [0x00000000a0000000,0x00000000a37f55f8,0x00000000a7300000)
 Metaspace       used 90464K, capacity 94722K, committed 96000K, reserved 1132544K
  class space    used 11361K, capacity 12288K, committed 12544K, reserved 1048576K
GC Heap History (10 events):
Event: 3704.568 GC heap before
{Heap before GC invocations=43 (full 3):
 PSYoungGen      total 143872K, used 127167K [0x00000000e0000000, 0x00000000ecc80000, 0x0000000100000000)
  eden space 101376K, 100% used [0x00000000e0000000,0x00000000e6300000,0x00000000e6300000)
  from space 42496K, 60% used [0x00000000e6300000,0x00000000e7c2fd58,0x00000000e8c80000)
  to   space 41984K, 0% used [0x00000000ea380000,0x00000000ea380000,0x00000000ecc80000)
 ParOldGen       total 103936K, used 74414K [0x00000000a0000000, 0x00000000a6580000, 0x00000000e0000000)
  object space 103936K, 71% used [0x00000000a0000000,0x00000000a48ab9d0,0x00000000a6580000)
 Metaspace       used 79645K, capacity 83458K, committed 83584K, reserved 1122304K
  class space    used 10147K, capacity 11052K, committed 11136K, reserved 1048576K
Event: 3704.658 GC heap after
Heap after GC invocations=43 (full 3):
 PSYoungGen      total 164352K, used 14595K [0x00000000e0000000, 0x00000000eca00000, 0x0000000100000000)
  eden space 124928K, 0% used [0x00000000e0000000,0x00000000e0000000,0x00000000e7a00000)
  from space 39424K, 37% used [0x00000000ea380000,0x00000000eb1c0ec8,0x00000000eca00000)
  to   space 40960K, 0% used [0x00000000e7a00000,0x00000000e7a00000,0x00000000ea200000)
 ParOldGen       total 103936K, used 85048K [0x00000000a0000000, 0x00000000a6580000, 0x00000000e0000000)
  object space 103936K, 81% used [0x00000000a0000000,0x00000000a530e3c8,0x00000000a6580000)
 Metaspace       used 79645K, capacity 83458K, committed 83584K, reserved 1122304K
  class space    used 10147K, capacity 11052K, committed 11136K, reserved 1048576K
}
Event: 3728.163 GC heap before
{Heap before GC invocations=44 (full 3):
 PSYoungGen      total 164352K, used 138935K [0x00000000e0000000, 0x00000000eca00000, 0x0000000100000000)
  eden space 124928K, 99% used [0x00000000e0000000,0x00000000e796cf08,0x00000000e7a00000)
  from space 39424K, 37% used [0x00000000ea380000,0x00000000eb1c0ec8,0x00000000eca00000)
  to   space 40960K, 0% used [0x00000000e7a00000,0x00000000e7a00000,0x00000000ea200000)
 ParOldGen       total 103936K, used 85048K [0x00000000a0000000, 0x00000000a6580000, 0x00000000e0000000)
  object space 103936K, 81% used [0x00000000a0000000,0x00000000a530e3c8,0x00000000a6580000)
 Metaspace       used 80447K, capacity 84470K, committed 84736K, reserved 1122304K
  class space    used 10267K, capacity 11208K, committed 11264K, reserved 1048576K
Event: 3728.229 GC heap after
Heap after GC invocations=44 (full 3):
 PSYoungGen      total 165888K, used 12496K [0x00000000e0000000, 0x00000000ee180000, 0x0000000100000000)
  eden space 124928K, 0% used [0x00000000e0000000,0x00000000e0000000,0x00000000e7a00000)
  from space 40960K, 30% used [0x00000000e7a00000,0x00000000e86342e8,0x00000000ea200000)
  to   space 40448K, 0% used [0x00000000eba00000,0x00000000eba00000,0x00000000ee180000)
 ParOldGen       total 103936K, used 89107K [0x00000000a0000000, 0x00000000a6580000, 0x00000000e0000000)
  object space 103936K, 85% used [0x00000000a0000000,0x00000000a5704e18,0x00000000a6580000)
 Metaspace       used 80447K, capacity 84470K, committed 84736K, reserved 1122304K
  class space    used 10267K, capacity 11208K, committed 11264K, reserved 1048576K
}
Event: 3763.492 GC heap before
{Heap before GC invocations=45 (full 3):
 PSYoungGen      total 165888K, used 137424K [0x00000000e0000000, 0x00000000ee180000, 0x0000000100000000)
  eden space 124928K, 100% used [0x00000000e0000000,0x00000000e7a00000,0x00000000e7a00000)
  from space 40960K, 30% used [0x00000000e7a00000,0x00000000e86342e8,0x00000000ea200000)
  to   space 40448K, 0% used [0x00000000eba00000,0x00000000eba00000,0x00000000ee180000)
 ParOldGen       total 103936K, used 89107K [0x00000000a0000000, 0x00000000a6580000, 0x00000000e0000000)
  object space 103936K, 85% used [0x00000000a0000000,0x00000000a5704e18,0x00000000a6580000)
 Metaspace       used 89037K, capacity 93674K, committed 93824K, reserved 1130496K
  class space    used 11304K, capacity 12328K, committed 12416K, reserved 1048576K
Event: 3763.692 GC heap after
Heap after GC invocations=45 (full 3):
 PSYoungGen      total 186368K, used 21615K [0x00000000e0000000, 0x00000000ede80000, 0x0000000100000000)
  eden space 148992K, 0% used [0x00000000e0000000,0x00000000e0000000,0x00000000e9180000)
  from space 37376K, 57% used [0x00000000eba00000,0x00000000ecf1bc20,0x00000000ede80000)
  to   space 39424K, 0% used [0x00000000e9180000,0x00000000e9180000,0x00000000eb800000)
 ParOldGen       total 103936K, used 90108K [0x00000000a0000000, 0x00000000a6580000, 0x00000000e0000000)
  object space 103936K, 86% used [0x00000000a0000000,0x00000000a57ff068,0x00000000a6580000)
 Metaspace       used 89037K, capacity 93674K, committed 93824K, reserved 1130496K
  class space    used 11304K, capacity 12328K, committed 12416K, reserved 1048576K
}
Event: 3781.837 GC heap before
{Heap before GC invocations=46 (full 3):
 PSYoungGen      total 186368K, used 170607K [0x00000000e0000000, 0x00000000ede80000, 0x0000000100000000)
  eden space 148992K, 100% used [0x00000000e0000000,0x00000000e9180000,0x00000000e9180000)
  from space 37376K, 57% used [0x00000000eba00000,0x00000000ecf1bc20,0x00000000ede80000)
  to   space 39424K, 0% used [0x00000000e9180000,0x00000000e9180000,0x00000000eb800000)
 ParOldGen       total 103936K, used 90108K [0x00000000a0000000, 0x00000000a6580000, 0x00000000e0000000)
  object space 103936K, 86% used [0x00000000a0000000,0x00000000a57ff068,0x00000000a6580000)
 Metaspace       used 90258K, capacity 95012K, committed 95104K, reserved 1132544K
  class space    used 11367K, capacity 12401K, committed 12416K, reserved 1048576K
Event: 3781.887 GC heap after
Heap after GC invocations=46 (full 3):
 PSYoungGen      total 188416K, used 7603K [0x00000000e0000000, 0x00000000ef980000, 0x0000000100000000)
  eden space 148992K, 0% used [0x00000000e0000000,0x00000000e0000000,0x00000000e9180000)
  from space 39424K, 19% used [0x00000000e9180000,0x00000000e98ece60,0x00000000eb800000)
  to   space 39424K, 0% used [0x00000000ed300000,0x00000000ed300000,0x00000000ef980000)
 ParOldGen       total 103936K, used 94847K [0x00000000a0000000, 0x00000000a6580000, 0x00000000e0000000)
  object space 103936K, 91% used [0x00000000a0000000,0x00000000a5c9ffc0,0x00000000a6580000)
 Metaspace       used 90258K, capacity 95012K, committed 95104K, reserved 1132544K
  class space    used 11367K, capacity 12401K, committed 12416K, reserved 1048576K
}
Event: 3781.888 GC heap before
{Heap before GC invocations=47 (full 4):
 PSYoungGen      total 188416K, used 7603K [0x00000000e0000000, 0x00000000ef980000, 0x0000000100000000)
  eden space 148992K, 0% used [0x00000000e0000000,0x00000000e0000000,0x00000000e9180000)
  from space 39424K, 19% used [0x00000000e9180000,0x00000000e98ece60,0x00000000eb800000)
  to   space 39424K, 0% used [0x00000000ed300000,0x00000000ed300000,0x00000000ef980000)
 ParOldGen       total 103936K, used 94847K [0x00000000a0000000, 0x00000000a6580000, 0x00000000e0000000)
  object space 103936K, 91% used [0x00000000a0000000,0x00000000a5c9ffc0,0x00000000a6580000)
 Metaspace       used 90258K, capacity 95012K, committed 95104K, reserved 1132544K
  class space    used 11367K, capacity 12401K, committed 12416K, reserved 1048576K
Event: 3783.222 GC heap after
Heap after GC invocations=47 (full 4):
 PSYoungGen      total 188416K, used 0K [0x00000000e0000000, 0x00000000ef980000, 0x0000000100000000)
  eden space 148992K, 0% used [0x00000000e0000000,0x00000000e0000000,0x00000000e9180000)
  from space 39424K, 0% used [0x00000000e9180000,0x00000000e9180000,0x00000000eb800000)
  to   space 39424K, 0% used [0x00000000ed300000,0x00000000ed300000,0x00000000ef980000)
 ParOldGen       total 117760K, used 57301K [0x00000000a0000000, 0x00000000a7300000, 0x00000000e0000000)
  object space 117760K, 48% used [0x00000000a0000000,0x00000000a37f55f8,0x00000000a7300000)
 Metaspace       used 89506K, capacity 93740K, committed 95104K, reserved 1132544K
  class space    used 11243K, capacity 12171K, committed 12416K, reserved 1048576K
}

