# JRE version: OpenJDK Runtime Environment (8.0_152-b06) (build 1.8.0_152-release-1136-b06)
# Java VM: OpenJDK 64-Bit Server VM (25.152-b06 mixed mode windows-amd64 compressed oops)
Heap:
 PSYoungGen      total 221696K, used 88308K [0x00000000e0000000, 0x00000000f3780000, 0x0000000100000000)
  eden space 200704K, 43% used [0x00000000e0000000,0x00000000e563d0e8,0x00000000ec400000)
  from space 20992K, 0% used [0x00000000ec400000,0x00000000ec400000,0x00000000ed880000)
  to   space 36864K, 0% used [0x00000000f1380000,0x00000000f1380000,0x00000000f3780000)
 ParOldGen       total 88576K, used 80238K [0x00000000a0000000, 0x00000000a5680000, 0x00000000e0000000)
  object space 88576K, 90% used [0x00000000a0000000,0x00000000a4e5b850,0x00000000a5680000)
 Metaspace       used 70488K, capacity 72792K, committed 73048K, reserved 1112064K
  class space    used 9290K, capacity 9821K, committed 9856K, reserved 1048576K
GC Heap History (10 events):
Event: 41.200 GC heap before
{Heap before GC invocations=15 (full 2):
 PSYoungGen      total 174592K, used 32949K [0x00000000e0000000, 0x00000000ebd80000, 0x0000000100000000)
  eden space 159744K, 12% used [0x00000000e0000000,0x00000000e138e040,0x00000000e9c00000)
  from space 14848K, 87% used [0x00000000eac00000,0x00000000eb89f740,0x00000000eba80000)
  to   space 16384K, 0% used [0x00000000e9c00000,0x00000000e9c00000,0x00000000eac00000)
 ParOldGen       total 55296K, used 27704K [0x00000000a0000000, 0x00000000a3600000, 0x00000000e0000000)
  object space 55296K, 50% used [0x00000000a0000000,0x00000000a1b0e1d0,0x00000000a3600000)
 Metaspace       used 57251K, capacity 58956K, committed 59028K, reserved 1099776K
  class space    used 7728K, capacity 8149K, committed 8192K, reserved 1048576K
Event: 41.234 GC heap after
Heap after GC invocations=15 (full 2):
 PSYoungGen      total 176128K, used 2220K [0x00000000e0000000, 0x00000000eed00000, 0x0000000100000000)
  eden space 159744K, 0% used [0x00000000e0000000,0x00000000e0000000,0x00000000e9c00000)
  from space 16384K, 13% used [0x00000000e9c00000,0x00000000e9e2b0f8,0x00000000eac00000)
  to   space 16384K, 0% used [0x00000000edd00000,0x00000000edd00000,0x00000000eed00000)
 ParOldGen       total 55296K, used 33777K [0x00000000a0000000, 0x00000000a3600000, 0x00000000e0000000)
  object space 55296K, 61% used [0x00000000a0000000,0x00000000a20fc4e8,0x00000000a3600000)
 Metaspace       used 57251K, capacity 58956K, committed 59028K, reserved 1099776K
  class space    used 7728K, capacity 8149K, committed 8192K, reserved 1048576K
}
Event: 41.234 GC heap before
{Heap before GC invocations=16 (full 3):
 PSYoungGen      total 176128K, used 2220K [0x00000000e0000000, 0x00000000eed00000, 0x0000000100000000)
  eden space 159744K, 0% used [0x00000000e0000000,0x00000000e0000000,0x00000000e9c00000)
  from space 16384K, 13% used [0x00000000e9c00000,0x00000000e9e2b0f8,0x00000000eac00000)
  to   space 16384K, 0% used [0x00000000edd00000,0x00000000edd00000,0x00000000eed00000)
 ParOldGen       total 55296K, used 33777K [0x00000000a0000000, 0x00000000a3600000, 0x00000000e0000000)
  object space 55296K, 61% used [0x00000000a0000000,0x00000000a20fc4e8,0x00000000a3600000)
 Metaspace       used 57251K, capacity 58956K, committed 59028K, reserved 1099776K
  class space    used 7728K, capacity 8149K, committed 8192K, reserved 1048576K
Event: 41.851 GC heap after
Heap after GC invocations=16 (full 3):
 PSYoungGen      total 176128K, used 0K [0x00000000e0000000, 0x00000000eed00000, 0x0000000100000000)
  eden space 159744K, 0% used [0x00000000e0000000,0x00000000e0000000,0x00000000e9c00000)
  from space 16384K, 0% used [0x00000000e9c00000,0x00000000e9c00000,0x00000000eac00000)
  to   space 16384K, 0% used [0x00000000edd00000,0x00000000edd00000,0x00000000eed00000)
 ParOldGen       total 88576K, used 31045K [0x00000000a0000000, 0x00000000a5680000, 0x00000000e0000000)
  object space 88576K, 35% used [0x00000000a0000000,0x00000000a1e51498,0x00000000a5680000)
 Metaspace       used 57251K, capacity 58956K, committed 59028K, reserved 1099776K
  class space    used 7728K, capacity 8149K, committed 8192K, reserved 1048576K
}
Event: 76.121 GC heap before
{Heap before GC invocations=17 (full 3):
 PSYoungGen      total 176128K, used 159744K [0x00000000e0000000, 0x00000000eed00000, 0x0000000100000000)
  eden space 159744K, 100% used [0x00000000e0000000,0x00000000e9c00000,0x00000000e9c00000)
  from space 16384K, 0% used [0x00000000e9c00000,0x00000000e9c00000,0x00000000eac00000)
  to   space 16384K, 0% used [0x00000000edd00000,0x00000000edd00000,0x00000000eed00000)
 ParOldGen       total 88576K, used 31045K [0x00000000a0000000, 0x00000000a5680000, 0x00000000e0000000)
  object space 88576K, 35% used [0x00000000a0000000,0x00000000a1e51498,0x00000000a5680000)
 Metaspace       used 64328K, capacity 66126K, committed 66264K, reserved 1105920K
  class space    used 8508K, capacity 8946K, committed 8960K, reserved 1048576K
Event: 76.228 GC heap after
Heap after GC invocations=17 (full 3):
 PSYoungGen      total 214528K, used 16370K [0x00000000e0000000, 0x00000000eed00000, 0x0000000100000000)
  eden space 198144K, 0% used [0x00000000e0000000,0x00000000e0000000,0x00000000ec180000)
  from space 16384K, 99% used [0x00000000edd00000,0x00000000eecfca18,0x00000000eed00000)
  to   space 20992K, 0% used [0x00000000ec400000,0x00000000ec400000,0x00000000ed880000)
 ParOldGen       total 88576K, used 36539K [0x00000000a0000000, 0x00000000a5680000, 0x00000000e0000000)
  object space 88576K, 41% used [0x00000000a0000000,0x00000000a23aeeb8,0x00000000a5680000)
 Metaspace       used 64328K, capacity 66126K, committed 66264K, reserved 1105920K
  class space    used 8508K, capacity 8946K, committed 8960K, reserved 1048576K
}
Event: 100.147 GC heap before
{Heap before GC invocations=18 (full 3):
 PSYoungGen      total 214528K, used 213434K [0x00000000e0000000, 0x00000000eed00000, 0x0000000100000000)
  eden space 198144K, 99% used [0x00000000e0000000,0x00000000ec071ff0,0x00000000ec180000)
  from space 16384K, 99% used [0x00000000edd00000,0x00000000eecfca18,0x00000000eed00000)
  to   space 20992K, 0% used [0x00000000ec400000,0x00000000ec400000,0x00000000ed880000)
 ParOldGen       total 88576K, used 36539K [0x00000000a0000000, 0x00000000a5680000, 0x00000000e0000000)
  object space 88576K, 41% used [0x00000000a0000000,0x00000000a23aeeb8,0x00000000a5680000)
 Metaspace       used 70150K, capacity 72204K, committed 72536K, reserved 1112064K
  class space    used 9256K, capacity 9747K, committed 9856K, reserved 1048576K
Event: 100.527 GC heap after
Heap after GC invocations=18 (full 3):
 PSYoungGen      total 221696K, used 20964K [0x00000000e0000000, 0x00000000f3780000, 0x0000000100000000)
  eden space 200704K, 0% used [0x00000000e0000000,0x00000000e0000000,0x00000000ec400000)
  from space 20992K, 99% used [0x00000000ec400000,0x00000000ed879080,0x00000000ed880000)
  to   space 36864K, 0% used [0x00000000f1380000,0x00000000f1380000,0x00000000f3780000)
 ParOldGen       total 88576K, used 69844K [0x00000000a0000000, 0x00000000a5680000, 0x00000000e0000000)
  object space 88576K, 78% used [0x00000000a0000000,0x00000000a4435170,0x00000000a5680000)
 Metaspace       used 70150K, capacity 72204K, committed 72536K, reserved 1112064K
  class space    used 9256K, capacity 9747K, committed 9856K, reserved 1048576K
}
Event: 100.527 GC heap before
{Heap before GC invocations=19 (full 4):
 PSYoungGen      total 221696K, used 20964K [0x00000000e0000000, 0x00000000f3780000, 0x0000000100000000)
  eden space 200704K, 0% used [0x00000000e0000000,0x00000000e0000000,0x00000000ec400000)
  from space 20992K, 99% used [0x00000000ec400000,0x00000000ed879080,0x00000000ed880000)
  to   space 36864K, 0% used [0x00000000f1380000,0x00000000f1380000,0x00000000f3780000)
 ParOldGen       total 88576K, used 69844K [0x00000000a0000000, 0x00000000a5680000, 0x00000000e0000000)
  object space 88576K, 78% used [0x00000000a0000000,0x00000000a4435170,0x00000000a5680000)
 Metaspace       used 70150K, capacity 72204K, committed 72536K, reserved 1112064K
  class space    used 9256K, capacity 9747K, committed 9856K, reserved 1048576K
Event: 101.645 GC heap after
Heap after GC invocations=19 (full 4):
 PSYoungGen      total 221696K, used 0K [0x00000000e0000000, 0x00000000f3780000, 0x0000000100000000)
  eden space 200704K, 0% used [0x00000000e0000000,0x00000000e0000000,0x00000000ec400000)
  from space 20992K, 0% used [0x00000000ec400000,0x00000000ec400000,0x00000000ed880000)
  to   space 36864K, 0% used [0x00000000f1380000,0x00000000f1380000,0x00000000f3780000)
 ParOldGen       total 88576K, used 80238K [0x00000000a0000000, 0x00000000a5680000, 0x00000000e0000000)
  object space 88576K, 90% used [0x00000000a0000000,0x00000000a4e5b850,0x00000000a5680000)
 Metaspace       used 70148K, capacity 72198K, committed 72536K, reserved 1112064K
  class space    used 9255K, capacity 9746K, committed 9856K, reserved 1048576K
}

